e:\vs2017_work_space\robot_coordinate_system20181017\force_control\x64\debug\matrix_pallas.pch
e:\vs2017_work_space\robot_coordinate_system20181017\force_control\x64\debug\vc141.pdb
e:\vs2017_work_space\robot_coordinate_system20181017\force_control\x64\debug\vc141.idb
e:\vs2017_work_space\robot_coordinate_system20181017\force_control\x64\debug\stdafx.obj
e:\vs2017_work_space\robot_coordinate_system20181017\force_control\x64\debug\joint_module.obj
e:\vs2017_work_space\robot_coordinate_system20181017\force_control\x64\debug\kinematics.obj
e:\vs2017_work_space\robot_coordinate_system20181017\force_control\x64\debug\cnv_trck_main.obj
e:\vs2017_work_space\robot_coordinate_system20181017\force_control\x64\debug\robot_app.obj
e:\vs2017_work_space\robot_coordinate_system20181017\force_control\x64\debug\robot_config.obj
e:\vs2017_work_space\robot_coordinate_system20181017\force_control\x64\debug\robot_coordinate_system.obj
e:\vs2017_work_space\robot_coordinate_system20181017\force_control\x64\debug\robot_coordinate_system_main.obj
e:\vs2017_work_space\robot_coordinate_system20181017\force_control\x64\debug\dynamic_profile.obj
e:\vs2017_work_space\robot_coordinate_system20181017\force_control\x64\debug\lib_scara.obj
e:\vs2017_work_space\robot_coordinate_system20181017\force_control\x64\debug\dynamic_main.obj
e:\vs2017_work_space\robot_coordinate_system20181017\force_control\x64\debug\impedance_main.obj
e:\vs2017_work_space\robot_coordinate_system20181017\force_control\x64\debug\matrix.obj
e:\vs2017_work_space\robot_coordinate_system20181017\force_control\x64\debug\matrix_main.obj
e:\vs2017_work_space\robot_coordinate_system20181017\force_control\x64\debug\motion_planning_3rd.obj
e:\vs2017_work_space\robot_coordinate_system20181017\force_control\x64\debug\robot_device.obj
e:\vs2017_work_space\robot_coordinate_system20181017\force_control\x64\debug\robot_module.obj
e:\vs2017_work_space\robot_coordinate_system20181017\force_control\x64\debug\solver.obj
e:\vs2017_work_space\robot_coordinate_system20181017\force_control\x64\debug\torque_generator.obj
e:\vs2017_work_space\robot_coordinate_system20181017\force_control\x64\debug\trajectory_generator.obj
e:\vs2017_work_space\robot_coordinate_system20181017\force_control\x64\debug\cartesian_module.obj
e:\vs2017_work_space\robot_coordinate_system20181017\force_control\x64\debug\control_law.obj
e:\vs2017_work_space\robot_coordinate_system20181017\force_control\x64\debug\conveyor_tracking.obj
e:\vs2017_work_space\robot_coordinate_system20181017\force_control\x64\debug\conveyor_tracking_main.obj
e:\vs2017_work_space\robot_coordinate_system20181017\force_control\x64\debug\dynamic.obj
e:\vs2017_work_space\robot_coordinate_system20181017\force_control\x64\debug\dynamicmodule.obj
e:\vs2017_work_space\robot_coordinate_system20181017\force_control\x64\debug\dynamicprofile.obj
e:\vs2017_work_space\robot_coordinate_system20181017\force_control\x64\debug\dynamic2.obj
e:\vs2017_work_space\robot_coordinate_system20181017\force_control\x64\debug\dynamic_module.obj
e:\vs2017_work_space\robot_coordinate_system20181017\force_control\x64\debug\matrix_pallas.tlog\cl.command.1.tlog
e:\vs2017_work_space\robot_coordinate_system20181017\force_control\x64\debug\matrix_pallas.tlog\cl.read.1.tlog
e:\vs2017_work_space\robot_coordinate_system20181017\force_control\x64\debug\matrix_pallas.tlog\cl.write.1.tlog
