c:\users\hqi\documents\visual studio 2017\projects\force_control\force_control\debug\force_control.pch
c:\users\hqi\documents\visual studio 2017\projects\force_control\force_control\debug\vc141.pdb
c:\users\hqi\documents\visual studio 2017\projects\force_control\force_control\debug\vc141.idb
c:\users\hqi\documents\visual studio 2017\projects\force_control\force_control\debug\stdafx.obj
c:\users\hqi\documents\visual studio 2017\projects\force_control\force_control\debug\calculate_trajectory.obj
c:\users\hqi\documents\visual studio 2017\projects\force_control\force_control\debug\control_law.obj
c:\users\hqi\documents\visual studio 2017\projects\force_control\force_control\debug\dynamic.obj
c:\users\hqi\documents\visual studio 2017\projects\force_control\force_control\debug\dynamic_module.obj
c:\users\hqi\documents\visual studio 2017\projects\force_control\force_control\debug\dynamic_profile.obj
c:\users\hqi\documents\visual studio 2017\projects\force_control\force_control\debug\lib_scara.obj
c:\users\hqi\documents\visual studio 2017\projects\force_control\force_control\debug\main.obj
c:\users\hqi\documents\visual studio 2017\projects\force_control\force_control\debug\matrix.obj
c:\users\hqi\documents\visual studio 2017\projects\force_control\force_control\debug\motion_planning_3rd.obj
c:\users\hqi\documents\visual studio 2017\projects\force_control\force_control\debug\solver.obj
c:\users\hqi\documents\visual studio 2017\projects\force_control\force_control\debug\torque_generator.obj
c:\users\hqi\documents\visual studio 2017\projects\force_control\force_control\debug\trajectory_generator.obj
c:\users\hqi\documents\visual studio 2017\projects\force_control\force_control\debug\dynamicprofile.obj
c:\users\hqi\documents\visual studio 2017\projects\force_control\force_control\debug\dynamic_module2.obj
c:\users\hqi\documents\visual studio 2017\projects\force_control\force_control\debug\dynamicmodule.obj
c:\users\hqi\documents\visual studio 2017\projects\force_control\force_control\debug\dynamic2.obj
c:\users\hqi\documents\visual studio 2017\projects\force_control\force_control\debug\main0.obj
c:\users\hqi\documents\visual studio 2017\projects\force_control\debug\force_control.ilk
c:\users\hqi\documents\visual studio 2017\projects\force_control\debug\force_control.exe
c:\users\hqi\documents\visual studio 2017\projects\force_control\debug\force_control.pdb
c:\users\hqi\documents\visual studio 2017\projects\force_control\force_control\debug\torque_generator.obj.enc
c:\users\hqi\documents\visual studio 2017\projects\force_control\force_control\debug\force_control.tlog\cl.command.1.tlog
c:\users\hqi\documents\visual studio 2017\projects\force_control\force_control\debug\force_control.tlog\cl.read.1.tlog
c:\users\hqi\documents\visual studio 2017\projects\force_control\force_control\debug\force_control.tlog\cl.write.1.tlog
c:\users\hqi\documents\visual studio 2017\projects\force_control\force_control\debug\force_control.tlog\link.command.1.tlog
c:\users\hqi\documents\visual studio 2017\projects\force_control\force_control\debug\force_control.tlog\link.read.1.tlog
c:\users\hqi\documents\visual studio 2017\projects\force_control\force_control\debug\force_control.tlog\link.write.1.tlog
