c:\users\hqi\documents\visual studio 2017\projects\robot_coordinate_system20181017\force_control\debug\matrix_pallas.pch
c:\users\hqi\documents\visual studio 2017\projects\robot_coordinate_system20181017\force_control\debug\vc141.pdb
c:\users\hqi\documents\visual studio 2017\projects\robot_coordinate_system20181017\force_control\debug\vc141.idb
c:\users\hqi\documents\visual studio 2017\projects\robot_coordinate_system20181017\force_control\debug\stdafx.obj
c:\users\hqi\documents\visual studio 2017\projects\robot_coordinate_system20181017\force_control\debug\dynamic_module.obj
c:\users\hqi\documents\visual studio 2017\projects\robot_coordinate_system20181017\force_control\debug\joint_module.obj
c:\users\hqi\documents\visual studio 2017\projects\robot_coordinate_system20181017\force_control\debug\kinematics.obj
c:\users\hqi\documents\visual studio 2017\projects\robot_coordinate_system20181017\force_control\debug\motion_planning_non_zero_main.obj
c:\users\hqi\documents\visual studio 2017\projects\robot_coordinate_system20181017\force_control\debug\robot_app.obj
c:\users\hqi\documents\visual studio 2017\projects\robot_coordinate_system20181017\force_control\debug\robot_config.obj
c:\users\hqi\documents\visual studio 2017\projects\robot_coordinate_system20181017\force_control\debug\robot_coordinate_system.obj
c:\users\hqi\documents\visual studio 2017\projects\robot_coordinate_system20181017\force_control\debug\robot_coordinate_system_main.obj
c:\users\hqi\documents\visual studio 2017\projects\robot_coordinate_system20181017\force_control\debug\dynamic_profile.obj
c:\users\hqi\documents\visual studio 2017\projects\robot_coordinate_system20181017\force_control\debug\lib_scara.obj
c:\users\hqi\documents\visual studio 2017\projects\robot_coordinate_system20181017\force_control\debug\dynamic_main.obj
c:\users\hqi\documents\visual studio 2017\projects\robot_coordinate_system20181017\force_control\debug\impedance_main.obj
c:\users\hqi\documents\visual studio 2017\projects\robot_coordinate_system20181017\force_control\debug\matrix.obj
c:\users\hqi\documents\visual studio 2017\projects\robot_coordinate_system20181017\force_control\debug\matrix_main.obj
c:\users\hqi\documents\visual studio 2017\projects\robot_coordinate_system20181017\force_control\debug\motion_planning_3rd.obj
c:\users\hqi\documents\visual studio 2017\projects\robot_coordinate_system20181017\force_control\debug\robot_device.obj
c:\users\hqi\documents\visual studio 2017\projects\robot_coordinate_system20181017\force_control\debug\robot_module.obj
c:\users\hqi\documents\visual studio 2017\projects\robot_coordinate_system20181017\force_control\debug\solver.obj
c:\users\hqi\documents\visual studio 2017\projects\robot_coordinate_system20181017\force_control\debug\torque_generator.obj
c:\users\hqi\documents\visual studio 2017\projects\robot_coordinate_system20181017\force_control\debug\trajectory_generator.obj
c:\users\hqi\documents\visual studio 2017\projects\robot_coordinate_system20181017\force_control\debug\cartesian_module.obj
c:\users\hqi\documents\visual studio 2017\projects\robot_coordinate_system20181017\force_control\debug\control_law.obj
c:\users\hqi\documents\visual studio 2017\projects\robot_coordinate_system20181017\force_control\debug\conveyor_tracking.obj
c:\users\hqi\documents\visual studio 2017\projects\robot_coordinate_system20181017\force_control\debug\conveyor_tracking_main.obj
c:\users\hqi\documents\visual studio 2017\projects\robot_coordinate_system20181017\force_control\debug\dynamic.obj
c:\users\hqi\documents\visual studio 2017\projects\robot_coordinate_system20181017\force_control\debug\dynamicmodule.obj
c:\users\hqi\documents\visual studio 2017\projects\robot_coordinate_system20181017\force_control\debug\dynamicprofile.obj
c:\users\hqi\documents\visual studio 2017\projects\robot_coordinate_system20181017\force_control\debug\dynamic2.obj
c:\users\hqi\documents\visual studio 2017\projects\robot_coordinate_system20181017\debug\matrix_pallas.ilk
c:\users\hqi\documents\visual studio 2017\projects\robot_coordinate_system20181017\debug\matrix_pallas.exe
c:\users\hqi\documents\visual studio 2017\projects\robot_coordinate_system20181017\debug\matrix_pallas.pdb
c:\users\hqi\documents\visual studio 2017\projects\robot_coordinate_system20181017\force_control\debug\matrix_pallas.tlog\cl.command.1.tlog
c:\users\hqi\documents\visual studio 2017\projects\robot_coordinate_system20181017\force_control\debug\matrix_pallas.tlog\cl.read.1.tlog
c:\users\hqi\documents\visual studio 2017\projects\robot_coordinate_system20181017\force_control\debug\matrix_pallas.tlog\cl.write.1.tlog
c:\users\hqi\documents\visual studio 2017\projects\robot_coordinate_system20181017\force_control\debug\matrix_pallas.tlog\link.command.1.tlog
c:\users\hqi\documents\visual studio 2017\projects\robot_coordinate_system20181017\force_control\debug\matrix_pallas.tlog\link.read.1.tlog
c:\users\hqi\documents\visual studio 2017\projects\robot_coordinate_system20181017\force_control\debug\matrix_pallas.tlog\link.write.1.tlog
